0 info it worked if it ends with ok
1 verbose cli [ 'node', '/usr/local/bin/npm', 'install', '-g', 'bower' ]
2 info using npm@1.4.14
3 info using node@v0.10.29
4 verbose cache add [ 'bower', null ]
5 verbose cache add name=undefined spec="bower" args=["bower",null]
6 verbose parsed url { protocol: null,
6 verbose parsed url   slashes: null,
6 verbose parsed url   auth: null,
6 verbose parsed url   host: null,
6 verbose parsed url   port: null,
6 verbose parsed url   hostname: null,
6 verbose parsed url   hash: null,
6 verbose parsed url   search: null,
6 verbose parsed url   query: null,
6 verbose parsed url   pathname: 'bower',
6 verbose parsed url   path: 'bower',
6 verbose parsed url   href: 'bower' }
7 silly lockFile 206e3ce5-bower bower
8 verbose lock bower /Users/morleyb/.npm/206e3ce5-bower.lock
9 silly lockFile 206e3ce5-bower bower
10 silly lockFile 206e3ce5-bower bower
11 verbose addNamed [ 'bower', '' ]
12 verbose addNamed [ null, '*' ]
13 silly lockFile 1240aab1-bower bower@
14 verbose lock bower@ /Users/morleyb/.npm/1240aab1-bower.lock
15 silly addNameRange { name: 'bower', range: '*', hasData: false }
16 verbose url raw bower
17 verbose url resolving [ 'https://registry.npmjs.org/', './bower' ]
18 verbose url resolved https://registry.npmjs.org/bower
19 info trying registry request attempt 1 at 15:07:33
20 verbose etag "K20HF6SQWT2ZHELT6B3MR4NV"
21 http GET https://registry.npmjs.org/bower
22 http 304 https://registry.npmjs.org/bower
23 silly registry.get cb [ 304,
23 silly registry.get   { date: 'Wed, 30 Jul 2014 20:07:32 GMT',
23 silly registry.get     server: 'Apache',
23 silly registry.get     via: '1.1 varnish',
23 silly registry.get     'last-modified': 'Wed, 30 Jul 2014 20:07:32 GMT',
23 silly registry.get     'cache-control': 'max-age=60',
23 silly registry.get     etag: '"K20HF6SQWT2ZHELT6B3MR4NV"',
23 silly registry.get     'x-served-by': 'cache-ord1729-ORD',
23 silly registry.get     'x-cache': 'HIT',
23 silly registry.get     'x-cache-hits': '1',
23 silly registry.get     'x-timer': 'S1406750852.503400,VS0,VE311',
23 silly registry.get     vary: 'Accept',
23 silly registry.get     'content-length': '0',
23 silly registry.get     'keep-alive': 'timeout=10, max=50',
23 silly registry.get     connection: 'Keep-Alive' } ]
24 verbose etag bower from cache
25 silly addNameRange number 2 { name: 'bower', range: '*', hasData: true }
26 silly addNameRange versions [ 'bower',
26 silly addNameRange   [ '0.1.0',
26 silly addNameRange     '0.1.2',
26 silly addNameRange     '0.1.3',
26 silly addNameRange     '0.2.0',
26 silly addNameRange     '0.3.0',
26 silly addNameRange     '0.3.1',
26 silly addNameRange     '0.3.2',
26 silly addNameRange     '0.4.0',
26 silly addNameRange     '0.5.0',
26 silly addNameRange     '0.5.1',
26 silly addNameRange     '0.6.0',
26 silly addNameRange     '0.6.1',
26 silly addNameRange     '0.6.2',
26 silly addNameRange     '0.6.3',
26 silly addNameRange     '0.6.4',
26 silly addNameRange     '0.6.5',
26 silly addNameRange     '0.6.6',
26 silly addNameRange     '0.6.7',
26 silly addNameRange     '0.6.8',
26 silly addNameRange     '0.7.0',
26 silly addNameRange     '0.7.1',
26 silly addNameRange     '0.8.0',
26 silly addNameRange     '0.8.1',
26 silly addNameRange     '0.8.2',
26 silly addNameRange     '0.8.3',
26 silly addNameRange     '0.8.4',
26 silly addNameRange     '0.8.5',
26 silly addNameRange     '0.8.6',
26 silly addNameRange     '0.9.0',
26 silly addNameRange     '0.9.1',
26 silly addNameRange     '0.9.2',
26 silly addNameRange     '0.10.0',
26 silly addNameRange     '1.0.0',
26 silly addNameRange     '1.0.1',
26 silly addNameRange     '1.0.2',
26 silly addNameRange     '1.0.3',
26 silly addNameRange     '1.1.0',
26 silly addNameRange     '1.1.1',
26 silly addNameRange     '1.1.2',
26 silly addNameRange     '1.2.0',
26 silly addNameRange     '1.2.1',
26 silly addNameRange     '1.2.2',
26 silly addNameRange     '1.2.3',
26 silly addNameRange     '1.2.4',
26 silly addNameRange     '1.2.5',
26 silly addNameRange     '1.2.6',
26 silly addNameRange     '1.2.7',
26 silly addNameRange     '1.2.8',
26 silly addNameRange     '1.3.0',
26 silly addNameRange     '1.3.1',
26 silly addNameRange     '1.3.2',
26 silly addNameRange     '1.3.3',
26 silly addNameRange     '1.3.4',
26 silly addNameRange     '1.3.5',
26 silly addNameRange     '1.3.6',
26 silly addNameRange     '1.3.7',
26 silly addNameRange     '1.3.8' ] ]
27 verbose addNamed [ 'bower', '1.3.8' ]
28 verbose addNamed [ '1.3.8', '1.3.8' ]
29 silly lockFile 7946917f-bower-1-3-8 bower@1.3.8
30 verbose lock bower@1.3.8 /Users/morleyb/.npm/7946917f-bower-1-3-8.lock
31 silly lockFile 7946917f-bower-1-3-8 bower@1.3.8
32 silly lockFile 7946917f-bower-1-3-8 bower@1.3.8
33 silly lockFile 1240aab1-bower bower@
34 silly lockFile 1240aab1-bower bower@
35 silly resolved [ { name: 'bower',
35 silly resolved     version: '1.3.8',
35 silly resolved     description: 'The browser package manager',
35 silly resolved     author: { name: 'Twitter' },
35 silly resolved     licenses: [ [Object] ],
35 silly resolved     repository: { type: 'git', url: 'git://github.com/bower/bower' },
35 silly resolved     main: 'lib',
35 silly resolved     homepage: 'http://bower.io',
35 silly resolved     engines: { node: '>=0.10.0' },
35 silly resolved     dependencies:
35 silly resolved      { abbrev: '~1.0.4',
35 silly resolved        archy: '~0.0.2',
35 silly resolved        'bower-config': '~0.5.2',
35 silly resolved        'bower-endpoint-parser': '~0.2.2',
35 silly resolved        'bower-json': '~0.4.0',
35 silly resolved        'bower-logger': '~0.2.2',
35 silly resolved        'bower-registry-client': '~0.2.0',
35 silly resolved        cardinal: '~0.4.0',
35 silly resolved        chalk: '~0.4.0',
35 silly resolved        chmodr: '~0.1.0',
35 silly resolved        'decompress-zip': '~0.0.6',
35 silly resolved        fstream: '~0.1.22',
35 silly resolved        'fstream-ignore': '~0.0.6',
35 silly resolved        glob: '~4.0.2',
35 silly resolved        'graceful-fs': '~3.0.1',
35 silly resolved        handlebars: '~1.3.0',
35 silly resolved        inquirer: '~0.5.1',
35 silly resolved        insight: '~0.3.0',
35 silly resolved        'is-root': '~0.1.0',
35 silly resolved        junk: '~0.3.0',
35 silly resolved        lockfile: '~0.4.2',
35 silly resolved        'lru-cache': '~2.5.0',
35 silly resolved        mkdirp: '~0.5.0',
35 silly resolved        mout: '~0.9.1',
35 silly resolved        nopt: '~3.0.0',
35 silly resolved        opn: '~0.1.1',
35 silly resolved        osenv: '~0.1.0',
35 silly resolved        'p-throttler': '~0.0.1',
35 silly resolved        promptly: '~0.2.0',
35 silly resolved        q: '~1.0.1',
35 silly resolved        request: '~2.36.0',
35 silly resolved        'request-progress': '~0.3.0',
35 silly resolved        retry: '~0.6.0',
35 silly resolved        rimraf: '~2.2.0',
35 silly resolved        semver: '~2.3.0',
35 silly resolved        'shell-quote': '~1.4.1',
35 silly resolved        'stringify-object': '~0.2.0',
35 silly resolved        tar: '~0.1.17',
35 silly resolved        tmp: '0.0.23',
35 silly resolved        'update-notifier': '~0.2.0',
35 silly resolved        which: '~1.0.5' },
35 silly resolved     devDependencies:
35 silly resolved      { 'expect.js': '~0.3.1',
35 silly resolved        grunt: '~0.4.4',
35 silly resolved        'grunt-contrib-jshint': '~0.10.0',
35 silly resolved        'grunt-contrib-watch': '~0.6.1',
35 silly resolved        'grunt-exec': '~0.4.2',
35 silly resolved        'grunt-simple-mocha': '~0.4.0',
35 silly resolved        istanbul: '~0.2.4',
35 silly resolved        'load-grunt-tasks': '~0.4.0',
35 silly resolved        mocha: '~1.20.1',
35 silly resolved        nock: '~0.34.1',
35 silly resolved        proxyquire: '~1.0.1',
35 silly resolved        coveralls: '~2.10.0',
35 silly resolved        'node-uuid': '~1.4.1' },
35 silly resolved     scripts: { test: 'grunt test' },
35 silly resolved     bin: { bower: 'bin/bower' },
35 silly resolved     preferGlobal: true,
35 silly resolved     bugs: { url: 'https://github.com/bower/bower/issues' },
35 silly resolved     _id: 'bower@1.3.8',
35 silly resolved     dist:
35 silly resolved      { shasum: 'afa3338a8a88a6e084c38112ea4a15998cbee3e6',
35 silly resolved        tarball: 'http://registry.npmjs.org/bower/-/bower-1.3.8.tgz' },
35 silly resolved     _from: 'bower@',
35 silly resolved     _npmVersion: '1.4.6',
35 silly resolved     _npmUser: { name: 'paulirish', email: 'paul.irish@gmail.com' },
35 silly resolved     maintainers: [ [Object], [Object], [Object], [Object], [Object], [Object] ],
35 silly resolved     directories: {},
35 silly resolved     _shasum: 'afa3338a8a88a6e084c38112ea4a15998cbee3e6',
35 silly resolved     _resolved: 'https://registry.npmjs.org/bower/-/bower-1.3.8.tgz',
35 silly resolved     readme: 'ERROR: No README data found!' } ]
36 info install bower@1.3.8 into /usr/local/lib
37 info installOne bower@1.3.8
38 info /usr/local/lib/node_modules/bower unbuild
39 info /usr/local/lib/node_modules/bower unbuild
40 error error rolling back Error: EACCES, unlink '/usr/local/lib/node_modules/bower/node_modules/handlebars/.npmignore'
40 error error rolling back  bower@1.3.8 { [Error: EACCES, unlink '/usr/local/lib/node_modules/bower/node_modules/handlebars/.npmignore']
40 error error rolling back   errno: 3,
40 error error rolling back   code: 'EACCES',
40 error error rolling back   path: '/usr/local/lib/node_modules/bower/node_modules/handlebars/.npmignore' }
41 error Error: EACCES, unlink '/usr/local/lib/node_modules/bower/node_modules/handlebars/.npmignore'
41 error  { [Error: EACCES, unlink '/usr/local/lib/node_modules/bower/node_modules/handlebars/.npmignore']
41 error   errno: 3,
41 error   code: 'EACCES',
41 error   path: '/usr/local/lib/node_modules/bower/node_modules/handlebars/.npmignore' }
42 error Please try running this command again as root/Administrator.
43 error System Darwin 12.3.0
44 error command "node" "/usr/local/bin/npm" "install" "-g" "bower"
45 error cwd /Users/morleyb/repos/yeoman_chrome_extension
46 error node -v v0.10.29
47 error npm -v 1.4.14
48 error path /usr/local/lib/node_modules/bower/node_modules/handlebars/.npmignore
49 error code EACCES
50 error errno 3
51 error stack Error: EACCES, unlink '/usr/local/lib/node_modules/bower/node_modules/handlebars/.npmignore'
52 verbose exit [ 3, true ]
